<?xml version="1.0" encoding="UTF-8"?>
<!-- Generated by org.testng.reporters.JUnitXMLReporter -->
<testsuite ignored="1" hostname="EC2AMAZ-S11DBRH" failures="0" tests="1" name="Default test(failed)" time="5.049" errors="0" timestamp="2023-12-08T05:27:27 GMT">
  <testcase classname="testScripts.SampleTest1" name="seleniumSearchTest" time="2.465"/>
  <testcase classname="testScripts.SampleTest1" name="cucmberSearchTest" time="0.0">
    <ignored/>
  </testcase> <!-- cucmberSearchTest -->
</testsuite> <!-- Default test(failed) -->
