<?xml version="1.0" encoding="UTF-8"?>
<!-- Generated by org.testng.reporters.JUnitXMLReporter -->
<testsuite ignored="0" hostname="EC2AMAZ-S11DBRH" failures="0" tests="4" name="Default test" time="0.066" errors="0" timestamp="2023-12-08T06:39:39 GMT">
  <testcase classname="testScripts.SampleTest3" name="test1" time="0.011"/>
  <testcase classname="testScripts.SampleTest3" name="test2" time="0.002"/>
  <testcase classname="testScripts.SampleTest3" name="test3" time="0.002"/>
  <testcase classname="testScripts.SampleTest3" name="test4" time="0.002"/>
</testsuite> <!-- Default test -->
