<?xml version="1.0" encoding="UTF-8"?>
<!-- Generated by org.testng.reporters.JUnitXMLReporter -->
<testsuite ignored="0" hostname="EC2AMAZ-S11DBRH" failures="0" tests="12" name="ModuleOneTest" time="0.101" errors="0" timestamp="2023-12-08T07:54:35 GMT">
  <testcase classname="parallelScripts.SampleTest2" name="test1" time="0.012"/>
  <testcase classname="parallelScripts.SampleTest1" name="test1" time="0.013"/>
  <testcase classname="parallelScripts.SampleTest3" name="test1" time="0.012"/>
  <testcase classname="parallelScripts.SampleTest2" name="test2" time="0.006"/>
  <testcase classname="parallelScripts.SampleTest1" name="test2" time="0.013"/>
  <testcase classname="parallelScripts.SampleTest3" name="test2" time="0.01"/>
  <testcase classname="parallelScripts.SampleTest2" name="test3" time="0.004"/>
  <testcase classname="parallelScripts.SampleTest3" name="test3" time="0.002"/>
  <testcase classname="parallelScripts.SampleTest2" name="test4" time="0.004"/>
  <testcase classname="parallelScripts.SampleTest1" name="test3" time="0.007"/>
  <testcase classname="parallelScripts.SampleTest3" name="test4" time="0.002"/>
  <testcase classname="parallelScripts.SampleTest1" name="test4" time="0.001"/>
</testsuite> <!-- ModuleOneTest -->
