<?xml version="1.0" encoding="UTF-8"?>
<!-- Generated by org.testng.reporters.JUnitXMLReporter -->
<testsuite ignored="0" hostname="EC2AMAZ-S11DBRH" failures="0" tests="9" name="ModuleTest2" time="0.134" errors="0" timestamp="2023-12-11T05:21:16 GMT">
  <testcase classname="parallelScripts.SampleTest3" name="test1" time="0.014"/>
  <testcase classname="parallelScripts.SampleTest3" name="test2" time="0.006"/>
  <testcase classname="parallelScripts.SampleTest3" name="test3" time="0.003"/>
  <testcase classname="parallelScripts.SampleTest3" name="test4" time="0.007"/>
  <testcase classname="parallelScripts.SampleTest3" name="test4" time="0.007"/>
  <testcase classname="parallelScripts.SampleTest3" name="test4" time="0.014"/>
  <testcase classname="parallelScripts.SampleTest3" name="test4" time="0.006"/>
  <testcase classname="parallelScripts.SampleTest3" name="test4" time="0.01"/>
  <testcase classname="parallelScripts.SampleTest3" name="test4" time="0.033"/>
</testsuite> <!-- ModuleTest2 -->
