<?xml version="1.0" encoding="UTF-8"?>
<testng-results ignored="0" total="12" passed="12" failed="0" skipped="0">
  <reporter-output>
  </reporter-output>
  <suite started-at="2023-12-08T07:54:35 GMT" name="SampleSuite" finished-at="2023-12-08T07:54:35 GMT" duration-ms="101">
    <groups>
    </groups>
    <test started-at="2023-12-08T07:54:35 GMT" name="ModuleOneTest" finished-at="2023-12-08T07:54:35 GMT" duration-ms="101">
      <class name="parallelScripts.SampleTest1">
        <test-method signature="test1()[pri:0, instance:parallelScripts.SampleTest1@61d6015a]" started-at="2023-12-08T07:54:35 GMT" name="test1" finished-at="2023-12-08T07:54:35 GMT" duration-ms="13" status="PASS">
          <reporter-output>
          </reporter-output>
        </test-method> <!-- test1 -->
        <test-method signature="test2()[pri:0, instance:parallelScripts.SampleTest1@61d6015a]" started-at="2023-12-08T07:54:35 GMT" name="test2" finished-at="2023-12-08T07:54:35 GMT" duration-ms="13" status="PASS">
          <reporter-output>
          </reporter-output>
        </test-method> <!-- test2 -->
        <test-method signature="test3()[pri:0, instance:parallelScripts.SampleTest1@61d6015a]" started-at="2023-12-08T07:54:35 GMT" name="test3" finished-at="2023-12-08T07:54:35 GMT" duration-ms="7" status="PASS">
          <reporter-output>
          </reporter-output>
        </test-method> <!-- test3 -->
        <test-method signature="test4()[pri:0, instance:parallelScripts.SampleTest1@61d6015a]" started-at="2023-12-08T07:54:35 GMT" name="test4" finished-at="2023-12-08T07:54:35 GMT" duration-ms="1" status="PASS">
          <reporter-output>
          </reporter-output>
        </test-method> <!-- test4 -->
      </class> <!-- parallelScripts.SampleTest1 -->
      <class name="parallelScripts.SampleTest2">
        <test-method signature="test1()[pri:0, instance:parallelScripts.SampleTest2@2525ff7e]" started-at="2023-12-08T07:54:35 GMT" name="test1" finished-at="2023-12-08T07:54:35 GMT" duration-ms="12" status="PASS">
          <reporter-output>
          </reporter-output>
        </test-method> <!-- test1 -->
        <test-method signature="test2()[pri:0, instance:parallelScripts.SampleTest2@2525ff7e]" started-at="2023-12-08T07:54:35 GMT" name="test2" finished-at="2023-12-08T07:54:35 GMT" duration-ms="6" status="PASS">
          <reporter-output>
          </reporter-output>
        </test-method> <!-- test2 -->
        <test-method signature="test3()[pri:0, instance:parallelScripts.SampleTest2@2525ff7e]" started-at="2023-12-08T07:54:35 GMT" name="test3" finished-at="2023-12-08T07:54:35 GMT" duration-ms="4" status="PASS">
          <reporter-output>
          </reporter-output>
        </test-method> <!-- test3 -->
        <test-method signature="test4()[pri:0, instance:parallelScripts.SampleTest2@2525ff7e]" started-at="2023-12-08T07:54:35 GMT" name="test4" finished-at="2023-12-08T07:54:35 GMT" duration-ms="4" status="PASS">
          <reporter-output>
          </reporter-output>
        </test-method> <!-- test4 -->
      </class> <!-- parallelScripts.SampleTest2 -->
      <class name="parallelScripts.SampleTest3">
        <test-method signature="test1()[pri:0, instance:parallelScripts.SampleTest3@524d6d96]" started-at="2023-12-08T07:54:35 GMT" name="test1" finished-at="2023-12-08T07:54:35 GMT" duration-ms="12" status="PASS">
          <reporter-output>
          </reporter-output>
        </test-method> <!-- test1 -->
        <test-method signature="test2()[pri:0, instance:parallelScripts.SampleTest3@524d6d96]" started-at="2023-12-08T07:54:35 GMT" name="test2" finished-at="2023-12-08T07:54:35 GMT" duration-ms="10" status="PASS">
          <reporter-output>
          </reporter-output>
        </test-method> <!-- test2 -->
        <test-method signature="test3()[pri:0, instance:parallelScripts.SampleTest3@524d6d96]" started-at="2023-12-08T07:54:35 GMT" name="test3" finished-at="2023-12-08T07:54:35 GMT" duration-ms="2" status="PASS">
          <reporter-output>
          </reporter-output>
        </test-method> <!-- test3 -->
        <test-method signature="test4()[pri:0, instance:parallelScripts.SampleTest3@524d6d96]" started-at="2023-12-08T07:54:35 GMT" name="test4" finished-at="2023-12-08T07:54:35 GMT" duration-ms="2" status="PASS">
          <reporter-output>
          </reporter-output>
        </test-method> <!-- test4 -->
      </class> <!-- parallelScripts.SampleTest3 -->
    </test> <!-- ModuleOneTest -->
  </suite> <!-- SampleSuite -->
</testng-results>
